  main.cpp
c:\users\sergi\documents\programas\openglvs\openglvs\main.cpp(113): warning C4244: 'inicializando': conversão de 'double' para 'GLfloat', possível perda de dados
c:\users\sergi\documents\programas\openglvs\openglvs\main.cpp(141): warning C4326: tipo de retorno de 'main' deve ser 'int' em vez de 'void'
c:\users\sergi\documents\programas\openglvs\openglvs\main.cpp(147): warning C4244: 'inicializando': conversão de 'double' para 'GLsizei', possível perda de dados
c:\users\sergi\documents\programas\openglvs\openglvs\main.cpp(148): warning C4244: 'inicializando': conversão de 'double' para 'GLsizei', possível perda de dados
c:\users\sergi\documents\programas\openglvs\openglvs\main.cpp(206): warning C4305: 'inicializando': truncamento de 'double' para 'GLfloat'
c:\users\sergi\documents\programas\openglvs\openglvs\main.cpp(239): warning C4244: 'argumento': conversão de 'double' para 'int', possível perda de dados
c:\users\sergi\documents\programas\openglvs\openglvs\main.cpp(261): warning C4244: '=': conversão de 'double' para 'GLfloat', possível perda de dados
c:\users\sergi\documents\programas\openglvs\openglvs\main.cpp(268): warning C4244: '=': conversão de 'double' para 'GLfloat', possível perda de dados
c:\users\sergi\documents\programas\openglvs\openglvs\main.cpp(322): warning C4305: '*=': truncamento de 'double' para 'GLfloat'
c:\users\sergi\documents\programas\openglvs\openglvs\main.cpp(329): warning C4305: '/=': truncamento de 'double' para 'GLfloat'
c:\users\sergi\documents\programas\openglvs\openglvs\main.cpp(367): warning C4305: '+=': truncamento de 'double' para 'GLfloat'
c:\users\sergi\documents\programas\openglvs\openglvs\main.cpp(407): warning C4244: 'return': conversão de 'GLdouble' para 'GLfloat', possível perda de dados
c:\users\sergi\documents\programas\openglvs\openglvs\main.cpp(417): warning C4244: '=': conversão de 'double' para 'GLfloat', possível perda de dados
c:\users\sergi\documents\programas\openglvs\openglvs\main.cpp(418): warning C4244: '=': conversão de 'double' para 'GLfloat', possível perda de dados
c:\users\sergi\documents\programas\openglvs\openglvs\main.cpp(419): warning C4244: '=': conversão de 'double' para 'GLfloat', possível perda de dados
c:\users\sergi\documents\programas\openglvs\openglvs\main.cpp(440): warning C4244: '=': conversão de 'double' para 'GLfloat', possível perda de dados
c:\users\sergi\documents\programas\openglvs\openglvs\main.cpp(463): warning C4244: '=': conversão de 'double' para 'GLfloat', possível perda de dados
c:\users\sergi\documents\programas\openglvs\openglvs\main.cpp(489): warning C4244: 'return': conversão de 'GLdouble' para 'GLfloat', possível perda de dados
c:\users\sergi\documents\programas\openglvs\openglvs\main.cpp(509): warning C4244: 'return': conversão de 'GLdouble' para 'GLfloat', possível perda de dados
c:\users\sergi\documents\programas\openglvs\openglvs\main.cpp(516): warning C4244: 'inicializando': conversão de 'double' para 'GLfloat', possível perda de dados
c:\users\sergi\documents\programas\openglvs\openglvs\main.cpp(517): warning C4244: '=': conversão de 'double' para 'GLfloat', possível perda de dados
c:\users\sergi\documents\programas\openglvs\openglvs\main.cpp(520): warning C4244: 'return': conversão de 'GLdouble' para 'GLfloat', possível perda de dados
c:\users\sergi\documents\programas\openglvs\openglvs\main.cpp(528): warning C4244: 'argumento': conversão de 'double' para 'GLfloat', possível perda de dados
c:\users\sergi\documents\programas\openglvs\openglvs\main.cpp(529): warning C4244: 'argumento': conversão de 'double' para 'GLfloat', possível perda de dados
c:\users\sergi\documents\programas\openglvs\openglvs\main.cpp(530): warning C4244: 'argumento': conversão de 'double' para 'GLfloat', possível perda de dados
c:\users\sergi\documents\programas\openglvs\openglvs\main.cpp(647): warning C4244: '=': conversão de 'double' para 'GLfloat', possível perda de dados
  Gerando código
  0 of 35 functions ( 0.0%) were compiled, the rest were copied from previous compilation.
    0 functions were new in current compilation
    0 functions had inline decision re-evaluated but remain unchanged
  Finalizada a geração de código
  OpenGLVS.vcxproj -> C:\Users\sergi\Documents\Programas\OpenGLVS\Release\OpenGLVS.exe
